<?xml version="1.0" encoding="UTF-8"?>
<coverage generated="1605774473591" clover="3.2.0">
  <project timestamp="1605774473591" name="All files">
    <metrics statements="12" coveredstatements="10" conditionals="0" coveredconditionals="0" methods="3" coveredmethods="1" elements="15" coveredelements="11" complexity="0" loc="12" ncloc="12" packages="1" files="1" classes="1"/>
    <file name="index.tsx" path="D:\testworkspace\rpack\src\pages\two2\index.tsx">
      <metrics statements="12" coveredstatements="10" conditionals="0" coveredconditionals="0" methods="3" coveredmethods="1"/>
      <line num="1" count="1" type="stmt"/>
      <line num="2" count="1" type="stmt"/>
      <line num="3" count="1" type="stmt"/>
      <line num="5" count="1" type="stmt"/>
      <line num="9" count="1" type="stmt"/>
      <line num="13" count="1" type="stmt"/>
      <line num="14" count="1" type="stmt"/>
      <line num="15" count="0" type="stmt"/>
      <line num="18" count="1" type="stmt"/>
      <line num="19" count="0" type="stmt"/>
      <line num="22" count="1" type="stmt"/>
      <line num="61" count="1" type="stmt"/>
    </file>
  </project>
</coverage>
