{"D:\\testworkspace\\rpack\\src\\pages\\two2\\index.tsx": {"path":"D:\\testworkspace\\rpack\\src\\pages\\two2\\index.tsx","statementMap":{"0":{"start":{"line":8,"column":15},"end":{"line":11,"column":1}},"1":{"start":{"line":12,"column":19},"end":{"line":14,"column":1}},"2":{"start":{"line":16,"column":13},"end":{"line":71,"column":1}},"3":{"start":{"line":17,"column":19},"end":{"line":30,"column":3}},"4":{"start":{"line":18,"column":4},"end":{"line":22,"column":6}},"5":{"start":{"line":23,"column":4},"end":{"line":29,"column":7}},"6":{"start":{"line":24,"column":6},"end":{"line":28,"column":8}},"7":{"start":{"line":32,"column":25},"end":{"line":32,"column":47}},"8":{"start":{"line":34,"column":2},"end":{"line":70,"column":4}}},"fnMap":{"0":{"name":"(anonymous_0)","decl":{"start":{"line":16,"column":13},"end":{"line":16,"column":14}},"loc":{"start":{"line":16,"column":19},"end":{"line":71,"column":1}},"line":16},"1":{"name":"(anonymous_1)","decl":{"start":{"line":17,"column":19},"end":{"line":17,"column":20}},"loc":{"start":{"line":17,"column":36},"end":{"line":30,"column":3}},"line":17},"2":{"name":"(anonymous_2)","decl":{"start":{"line":23,"column":39},"end":{"line":23,"column":40}},"loc":{"start":{"line":23,"column":49},"end":{"line":29,"column":5}},"line":23},"3":{"name":"(anonymous_3)","decl":{"start":{"line":32,"column":25},"end":{"line":32,"column":26}},"loc":{"start":{"line":32,"column":45},"end":{"line":32,"column":47}},"line":32}},"branchMap":{},"s":{"0":1,"1":1,"2":1,"3":1,"4":0,"5":0,"6":0,"7":1,"8":1},"f":{"0":1,"1":0,"2":0,"3":0},"b":{},"_coverageSchema":"1a1c01bbd47fc00a2c39e90264f33305004495a9","hash":"91228769b1cb9b3a9733c896613c911477b3828a"}
,"D:\\testworkspace\\rpack\\src\\utils\\request.ts": {"path":"D:\\testworkspace\\rpack\\src\\utils\\request.ts","statementMap":{"0":{"start":{"line":12,"column":16},"end":{"line":25,"column":1}},"1":{"start":{"line":13,"column":2},"end":{"line":24,"column":3}},"2":{"start":{"line":14,"column":4},"end":{"line":16,"column":7}},"3":{"start":{"line":15,"column":6},"end":{"line":15,"column":24}},"4":{"start":{"line":18,"column":4},"end":{"line":23,"column":7}},"5":{"start":{"line":22,"column":6},"end":{"line":22,"column":24}}},"fnMap":{"0":{"name":"(anonymous_0)","decl":{"start":{"line":12,"column":16},"end":{"line":12,"column":17}},"loc":{"start":{"line":12,"column":51},"end":{"line":25,"column":1}},"line":12},"1":{"name":"(anonymous_1)","decl":{"start":{"line":14,"column":27},"end":{"line":14,"column":28}},"loc":{"start":{"line":14,"column":36},"end":{"line":16,"column":5}},"line":14},"2":{"name":"(anonymous_2)","decl":{"start":{"line":21,"column":12},"end":{"line":21,"column":13}},"loc":{"start":{"line":21,"column":21},"end":{"line":23,"column":5}},"line":21}},"branchMap":{"0":{"loc":{"start":{"line":13,"column":2},"end":{"line":24,"column":3}},"type":"if","locations":[{"start":{"line":13,"column":2},"end":{"line":24,"column":3}},{"start":{"line":13,"column":2},"end":{"line":24,"column":3}}],"line":13}},"s":{"0":2,"1":0,"2":0,"3":0,"4":0,"5":0},"f":{"0":0,"1":0,"2":0},"b":{"0":[0,0]},"_coverageSchema":"1a1c01bbd47fc00a2c39e90264f33305004495a9","hash":"64024c13ed468772524899578a480d402b856771"}
}
