{"D:\\testworkspace\\rpack\\src\\pages\\two2\\index.tsx": {"path":"D:\\testworkspace\\rpack\\src\\pages\\two2\\index.tsx","statementMap":{"0":{"start":{"line":1,"column":0},"end":{"line":1,"column":26}},"1":{"start":{"line":2,"column":0},"end":{"line":2,"column":53}},"2":{"start":{"line":3,"column":0},"end":{"line":3,"column":34}},"3":{"start":{"line":5,"column":15},"end":{"line":8,"column":2}},"4":{"start":{"line":9,"column":19},"end":{"line":11,"column":2}},"5":{"start":{"line":13,"column":13},"end":{"line":59,"column":1}},"6":{"start":{"line":14,"column":19},"end":{"line":16,"column":3}},"7":{"start":{"line":15,"column":4},"end":{"line":15,"column":36}},"8":{"start":{"line":18,"column":25},"end":{"line":20,"column":3}},"9":{"start":{"line":19,"column":4},"end":{"line":19,"column":38}},"10":{"start":{"line":22,"column":2},"end":{"line":58,"column":4}},"11":{"start":{"line":61,"column":0},"end":{"line":61,"column":20}}},"fnMap":{"0":{"name":"(anonymous_3)","decl":{"start":{"line":13,"column":13},"end":{"line":13,"column":null}},"loc":{"start":{"line":13,"column":13},"end":{"line":59,"column":1}}},"1":{"name":"(anonymous_4)","decl":{"start":{"line":14,"column":19},"end":{"line":14,"column":20}},"loc":{"start":{"line":14,"column":30},"end":{"line":16,"column":3}}},"2":{"name":"(anonymous_5)","decl":{"start":{"line":18,"column":25},"end":{"line":18,"column":26}},"loc":{"start":{"line":18,"column":39},"end":{"line":20,"column":3}}}},"branchMap":{},"s":{"0":1,"1":1,"2":1,"3":1,"4":1,"5":1,"6":1,"7":0,"8":1,"9":0,"10":1,"11":1},"f":{"0":1,"1":0,"2":0},"b":{}}
}
