TN:
SF:src\pages\two2\index.tsx
FN:16,(anonymous_0)
FN:17,(anonymous_1)
FN:23,(anonymous_2)
FN:32,(anonymous_3)
FNF:4
FNH:1
FNDA:1,(anonymous_0)
FNDA:0,(anonymous_1)
FNDA:0,(anonymous_2)
FNDA:0,(anonymous_3)
DA:8,1
DA:12,1
DA:16,1
DA:17,1
DA:18,0
DA:23,0
DA:24,0
DA:32,1
DA:34,1
LF:9
LH:6
BRF:0
BRH:0
end_of_record
TN:
SF:src\utils\request.ts
FN:12,(anonymous_0)
FN:14,(anonymous_1)
FN:21,(anonymous_2)
FNF:3
FNH:0
FNDA:0,(anonymous_0)
FNDA:0,(anonymous_1)
FNDA:0,(anonymous_2)
DA:12,2
DA:13,0
DA:14,0
DA:15,0
DA:18,0
DA:22,0
LF:6
LH:1
BRDA:13,0,0,0
BRDA:13,0,1,0
BRF:2
BRH:0
end_of_record
